<?xml version="1.0" encoding="UTF-8" standalone="yes"?><!DOCTYPE report PUBLIC "-//JACOCO//DTD Report 1.1//EN" "report.dtd"><report name="anagrama"><sessioninfo id="NL-GK1N0D3-17c7e2b" start="1628100301848" dump="1628100302699"/><sessioninfo id="NL-GK1N0D3-399e0056" start="1628100339518" dump="1628100340475"/><sessioninfo id="NL-GK1N0D3-1a72c87" start="1628100466526" dump="1628100467463"/><sessioninfo id="NL-GK1N0D3-7003a931" start="1628100475036" dump="1628100475929"/><sessioninfo id="NL-GK1N0D3-3c5364f" start="1628100505962" dump="1628100506877"/><sessioninfo id="NL-GK1N0D3-965513ae" start="1628100765692" dump="1628100766644"/><sessioninfo id="NL-GK1N0D3-9800ebe8" start="1628100836276" dump="1628100837209"/><sessioninfo id="NL-GK1N0D3-a76082f1" start="1628100902188" dump="1628100903059"/><sessioninfo id="NL-GK1N0D3-51058a55" start="1628101017513" dump="1628101018398"/><sessioninfo id="NL-GK1N0D3-469a476c" start="1628101093070" dump="1628101093885"/><package name="br/com/ariki/testesys/armstrongnumber"><class name="br/com/ariki/testesys/armstrongnumber/Main" sourcefilename="Main.java"><method name="&lt;init&gt;" desc="()V" line="3"><counter type="INSTRUCTION" missed="3" covered="0"/><counter type="LINE" missed="1" covered="0"/><counter type="COMPLEXITY" missed="1" covered="0"/><counter type="METHOD" missed="1" covered="0"/></method><method name="main" desc="([Ljava/lang/String;)V" line="5"><counter type="INSTRUCTION" missed="6" covered="0"/><counter type="LINE" missed="2" covered="0"/><counter type="COMPLEXITY" missed="1" covered="0"/><counter type="METHOD" missed="1" covered="0"/></method><counter type="INSTRUCTION" missed="9" covered="0"/><counter type="LINE" missed="3" covered="0"/><counter type="COMPLEXITY" missed="2" covered="0"/><counter type="METHOD" missed="2" covered="0"/><counter type="CLASS" missed="1" covered="0"/></class><class name="br/com/ariki/testesys/armstrongnumber/Anagrama" sourcefilename="Anagrama.java"><method name="criarAnagramas" desc="(Ljava/lang/String;)Ljava/util/List;" line="13"><counter type="INSTRUCTION" missed="0" covered="29"/><counter type="BRANCH" missed="0" covered="2"/><counter type="LINE" missed="0" covered="5"/><counter type="COMPLEXITY" missed="0" covered="2"/><counter type="METHOD" missed="0" covered="1"/></method><method name="criarAnagramas" desc="(Ljava/lang/String;Ljava/lang/String;)Ljava/util/List;" line="26"><counter type="INSTRUCTION" missed="0" covered="79"/><counter type="BRANCH" missed="1" covered="9"/><counter type="LINE" missed="0" covered="10"/><counter type="COMPLEXITY" missed="1" covered="5"/><counter type="METHOD" missed="0" covered="1"/></method><counter type="INSTRUCTION" missed="0" covered="108"/><counter type="BRANCH" missed="1" covered="11"/><counter type="LINE" missed="0" covered="15"/><counter type="COMPLEXITY" missed="1" covered="7"/><counter type="METHOD" missed="0" covered="2"/><counter type="CLASS" missed="0" covered="1"/></class><sourcefile name="Main.java"><line nr="3" mi="3" ci="0" mb="0" cb="0"/><line nr="5" mi="5" ci="0" mb="0" cb="0"/><line nr="6" mi="1" ci="0" mb="0" cb="0"/><counter type="INSTRUCTION" missed="9" covered="0"/><counter type="LINE" missed="3" covered="0"/><counter type="COMPLEXITY" missed="2" covered="0"/><counter type="METHOD" missed="2" covered="0"/><counter type="CLASS" missed="1" covered="0"/></sourcefile><sourcefile name="Anagrama.java"><line nr="13" mi="0" ci="4" mb="0" cb="0"/><line nr="15" mi="0" ci="4" mb="0" cb="2"/><line nr="16" mi="0" ci="16" mb="0" cb="0"/><line nr="18" mi="0" ci="3" mb="0" cb="0"/><line nr="21" mi="0" ci="2" mb="0" cb="0"/><line nr="26" mi="0" ci="4" mb="0" cb="0"/><line nr="28" mi="0" ci="11" mb="1" cb="5"/><line nr="33" mi="0" ci="4" mb="0" cb="2"/><line nr="34" mi="0" ci="12" mb="0" cb="0"/><line nr="36" mi="0" ci="8" mb="0" cb="2"/><line nr="37" mi="0" ci="7" mb="0" cb="0"/><line nr="38" mi="0" ci="5" mb="0" cb="0"/><line nr="39" mi="0" ci="6" mb="0" cb="0"/><line nr="40" mi="0" ci="20" mb="0" cb="0"/><line nr="46" mi="0" ci="2" mb="0" cb="0"/><counter type="INSTRUCTION" missed="0" covered="108"/><counter type="BRANCH" missed="1" covered="11"/><counter type="LINE" missed="0" covered="15"/><counter type="COMPLEXITY" missed="1" covered="7"/><counter type="METHOD" missed="0" covered="2"/><counter type="CLASS" missed="0" covered="1"/></sourcefile><counter type="INSTRUCTION" missed="9" covered="108"/><counter type="BRANCH" missed="1" covered="11"/><counter type="LINE" missed="3" covered="15"/><counter type="COMPLEXITY" missed="3" covered="7"/><counter type="METHOD" missed="2" covered="2"/><counter type="CLASS" missed="1" covered="1"/></package><counter type="INSTRUCTION" missed="9" covered="108"/><counter type="BRANCH" missed="1" covered="11"/><counter type="LINE" missed="3" covered="15"/><counter type="COMPLEXITY" missed="3" covered="7"/><counter type="METHOD" missed="2" covered="2"/><counter type="CLASS" missed="1" covered="1"/></report>